ARM GAS  /tmp/cc0zpswX.s 			page 1


   1              		.cpu cortex-m4
   2              		.eabi_attribute 27, 1
   3              		.eabi_attribute 28, 1
   4              		.eabi_attribute 20, 1
   5              		.eabi_attribute 21, 1
   6              		.eabi_attribute 23, 3
   7              		.eabi_attribute 24, 1
   8              		.eabi_attribute 25, 1
   9              		.eabi_attribute 26, 1
  10              		.eabi_attribute 30, 1
  11              		.eabi_attribute 34, 1
  12              		.eabi_attribute 18, 4
  13              		.file	"gpio.c"
  14              		.text
  15              	.Ltext0:
  16              		.cfi_sections	.debug_frame
  17              		.section	.text.MX_GPIO_Init,"ax",%progbits
  18              		.align	1
  19              		.global	MX_GPIO_Init
  20              		.arch armv7e-m
  21              		.syntax unified
  22              		.thumb
  23              		.thumb_func
  24              		.fpu fpv4-sp-d16
  26              	MX_GPIO_Init:
  27              	.LFB134:
  28              		.file 1 "Core/Src/gpio.c"
   1:Core/Src/gpio.c **** /* USER CODE BEGIN Header */
   2:Core/Src/gpio.c **** /**
   3:Core/Src/gpio.c ****   ******************************************************************************
   4:Core/Src/gpio.c ****   * @file    gpio.c
   5:Core/Src/gpio.c ****   * @brief   This file provides code for the configuration
   6:Core/Src/gpio.c ****   *          of all used GPIO pins.
   7:Core/Src/gpio.c ****   ******************************************************************************
   8:Core/Src/gpio.c ****   * @attention
   9:Core/Src/gpio.c ****   *
  10:Core/Src/gpio.c ****   * Copyright (c) 2026 STMicroelectronics.
  11:Core/Src/gpio.c ****   * All rights reserved.
  12:Core/Src/gpio.c ****   *
  13:Core/Src/gpio.c ****   * This software is licensed under terms that can be found in the LICENSE file
  14:Core/Src/gpio.c ****   * in the root directory of this software component.
  15:Core/Src/gpio.c ****   * If no LICENSE file comes with this software, it is provided AS-IS.
  16:Core/Src/gpio.c ****   *
  17:Core/Src/gpio.c ****   ******************************************************************************
  18:Core/Src/gpio.c ****   */
  19:Core/Src/gpio.c **** /* USER CODE END Header */
  20:Core/Src/gpio.c **** 
  21:Core/Src/gpio.c **** /* Includes ------------------------------------------------------------------*/
  22:Core/Src/gpio.c **** #include "gpio.h"
  23:Core/Src/gpio.c **** 
  24:Core/Src/gpio.c **** /* USER CODE BEGIN 0 */
  25:Core/Src/gpio.c **** 
  26:Core/Src/gpio.c **** /* USER CODE END 0 */
  27:Core/Src/gpio.c **** 
  28:Core/Src/gpio.c **** /*----------------------------------------------------------------------------*/
  29:Core/Src/gpio.c **** /* Configure GPIO                                                             */
  30:Core/Src/gpio.c **** /*----------------------------------------------------------------------------*/
ARM GAS  /tmp/cc0zpswX.s 			page 2


  31:Core/Src/gpio.c **** /* USER CODE BEGIN 1 */
  32:Core/Src/gpio.c **** 
  33:Core/Src/gpio.c **** /* USER CODE END 1 */
  34:Core/Src/gpio.c **** 
  35:Core/Src/gpio.c **** /** Pinout Configuration
  36:Core/Src/gpio.c **** */
  37:Core/Src/gpio.c **** void MX_GPIO_Init(void)
  38:Core/Src/gpio.c **** {
  29              		.loc 1 38 1 view -0
  30              		.cfi_startproc
  31              		@ args = 0, pretend = 0, frame = 8
  32              		@ frame_needed = 0, uses_anonymous_args = 0
  33              		@ link register save eliminated.
  34 0000 82B0     		sub	sp, sp, #8
  35              	.LCFI0:
  36              		.cfi_def_cfa_offset 8
  39:Core/Src/gpio.c **** 
  40:Core/Src/gpio.c ****   /* GPIO Ports Clock Enable */
  41:Core/Src/gpio.c ****   __HAL_RCC_GPIOA_CLK_ENABLE();
  37              		.loc 1 41 3 view .LVU1
  38              	.LBB2:
  39              		.loc 1 41 3 view .LVU2
  40 0002 0023     		movs	r3, #0
  41 0004 0193     		str	r3, [sp, #4]
  42              		.loc 1 41 3 view .LVU3
  43 0006 064B     		ldr	r3, .L3
  44 0008 1A6B     		ldr	r2, [r3, #48]
  45 000a 42F00102 		orr	r2, r2, #1
  46 000e 1A63     		str	r2, [r3, #48]
  47              		.loc 1 41 3 view .LVU4
  48 0010 1B6B     		ldr	r3, [r3, #48]
  49 0012 03F00103 		and	r3, r3, #1
  50 0016 0193     		str	r3, [sp, #4]
  51              		.loc 1 41 3 view .LVU5
  52 0018 019B     		ldr	r3, [sp, #4]
  53              	.LBE2:
  54              		.loc 1 41 3 view .LVU6
  42:Core/Src/gpio.c **** 
  43:Core/Src/gpio.c **** }
  55              		.loc 1 43 1 is_stmt 0 view .LVU7
  56 001a 02B0     		add	sp, sp, #8
  57              	.LCFI1:
  58              		.cfi_def_cfa_offset 0
  59              		@ sp needed
  60 001c 7047     		bx	lr
  61              	.L4:
  62 001e 00BF     		.align	2
  63              	.L3:
  64 0020 00380240 		.word	1073887232
  65              		.cfi_endproc
  66              	.LFE134:
  68              		.text
  69              	.Letext0:
  70              		.file 2 "/usr/lib/gcc/arm-none-eabi/9.2.1/include/stdint.h"
  71              		.file 3 "Drivers/CMSIS/Include/core_cm4.h"
  72              		.file 4 "Drivers/CMSIS/Device/ST/STM32F4xx/Include/system_stm32f4xx.h"
  73              		.file 5 "Drivers/CMSIS/Device/ST/STM32F4xx/Include/stm32f446xx.h"
ARM GAS  /tmp/cc0zpswX.s 			page 3


  74              		.file 6 "Drivers/STM32F4xx_HAL_Driver/Inc/stm32f4xx_hal.h"
ARM GAS  /tmp/cc0zpswX.s 			page 4


DEFINED SYMBOLS
                            *ABS*:0000000000000000 gpio.c
     /tmp/cc0zpswX.s:18     .text.MX_GPIO_Init:0000000000000000 $t
     /tmp/cc0zpswX.s:26     .text.MX_GPIO_Init:0000000000000000 MX_GPIO_Init
     /tmp/cc0zpswX.s:64     .text.MX_GPIO_Init:0000000000000020 $d

NO UNDEFINED SYMBOLS
