ARM GAS  /tmp/cc3OBPXb.s 			page 1


   1              		.cpu cortex-m4
   2              		.eabi_attribute 27, 1
   3              		.eabi_attribute 28, 1
   4              		.eabi_attribute 20, 1
   5              		.eabi_attribute 21, 1
   6              		.eabi_attribute 23, 3
   7              		.eabi_attribute 24, 1
   8              		.eabi_attribute 25, 1
   9              		.eabi_attribute 26, 1
  10              		.eabi_attribute 30, 1
  11              		.eabi_attribute 34, 1
  12              		.eabi_attribute 18, 4
  13              		.file	"syscalls.c"
  14              		.text
  15              	.Ltext0:
  16              		.cfi_sections	.debug_frame
  17              		.section	.text.initialise_monitor_handles,"ax",%progbits
  18              		.align	1
  19              		.global	initialise_monitor_handles
  20              		.arch armv7e-m
  21              		.syntax unified
  22              		.thumb
  23              		.thumb_func
  24              		.fpu fpv4-sp-d16
  26              	initialise_monitor_handles:
  27              	.LFB25:
  28              		.file 1 "Core/Src/syscalls.c"
   1:Core/Src/syscalls.c **** /**
   2:Core/Src/syscalls.c ****  ******************************************************************************
   3:Core/Src/syscalls.c ****  * @file      syscalls.c
   4:Core/Src/syscalls.c ****  * @author    Auto-generated by STM32CubeMX
   5:Core/Src/syscalls.c ****  * @brief     Minimal System calls file
   6:Core/Src/syscalls.c ****  *
   7:Core/Src/syscalls.c ****  *            For more information about which c-functions
   8:Core/Src/syscalls.c ****  *            need which of these lowlevel functions
   9:Core/Src/syscalls.c ****  *            please consult the Newlib or Picolibc libc-manual
  10:Core/Src/syscalls.c ****  ******************************************************************************
  11:Core/Src/syscalls.c ****  * @attention
  12:Core/Src/syscalls.c ****  *
  13:Core/Src/syscalls.c ****  * Copyright (c) 2020-2025 STMicroelectronics.
  14:Core/Src/syscalls.c ****  * All rights reserved.
  15:Core/Src/syscalls.c ****  *
  16:Core/Src/syscalls.c ****  * This software is licensed under terms that can be found in the LICENSE file
  17:Core/Src/syscalls.c ****  * in the root directory of this software component.
  18:Core/Src/syscalls.c ****  * If no LICENSE file comes with this software, it is provided AS-IS.
  19:Core/Src/syscalls.c ****  *
  20:Core/Src/syscalls.c ****  ******************************************************************************
  21:Core/Src/syscalls.c ****  */
  22:Core/Src/syscalls.c **** 
  23:Core/Src/syscalls.c **** /* Includes */
  24:Core/Src/syscalls.c **** #include <sys/stat.h>
  25:Core/Src/syscalls.c **** #include <stdlib.h>
  26:Core/Src/syscalls.c **** #include <errno.h>
  27:Core/Src/syscalls.c **** #include <stdio.h>
  28:Core/Src/syscalls.c **** #include <signal.h>
  29:Core/Src/syscalls.c **** #include <time.h>
  30:Core/Src/syscalls.c **** #include <sys/time.h>
ARM GAS  /tmp/cc3OBPXb.s 			page 2


  31:Core/Src/syscalls.c **** #include <sys/times.h>
  32:Core/Src/syscalls.c **** 
  33:Core/Src/syscalls.c **** 
  34:Core/Src/syscalls.c **** /* Variables */
  35:Core/Src/syscalls.c **** extern int __io_putchar(int ch) __attribute__((weak));
  36:Core/Src/syscalls.c **** extern int __io_getchar(void) __attribute__((weak));
  37:Core/Src/syscalls.c **** 
  38:Core/Src/syscalls.c **** 
  39:Core/Src/syscalls.c **** char *__env[1] = { 0 };
  40:Core/Src/syscalls.c **** char **environ = __env;
  41:Core/Src/syscalls.c **** 
  42:Core/Src/syscalls.c **** 
  43:Core/Src/syscalls.c **** /* Functions */
  44:Core/Src/syscalls.c **** void initialise_monitor_handles()
  45:Core/Src/syscalls.c **** {
  29              		.loc 1 45 1 view -0
  30              		.cfi_startproc
  31              		@ args = 0, pretend = 0, frame = 0
  32              		@ frame_needed = 0, uses_anonymous_args = 0
  33              		@ link register save eliminated.
  46:Core/Src/syscalls.c **** }
  34              		.loc 1 46 1 view .LVU1
  35 0000 7047     		bx	lr
  36              		.cfi_endproc
  37              	.LFE25:
  39              		.section	.text._getpid,"ax",%progbits
  40              		.align	1
  41              		.global	_getpid
  42              		.syntax unified
  43              		.thumb
  44              		.thumb_func
  45              		.fpu fpv4-sp-d16
  47              	_getpid:
  48              	.LFB26:
  47:Core/Src/syscalls.c **** 
  48:Core/Src/syscalls.c **** int _getpid(void)
  49:Core/Src/syscalls.c **** {
  49              		.loc 1 49 1 view -0
  50              		.cfi_startproc
  51              		@ args = 0, pretend = 0, frame = 0
  52              		@ frame_needed = 0, uses_anonymous_args = 0
  53              		@ link register save eliminated.
  50:Core/Src/syscalls.c ****   return 1;
  54              		.loc 1 50 3 view .LVU3
  51:Core/Src/syscalls.c **** }
  55              		.loc 1 51 1 is_stmt 0 view .LVU4
  56 0000 0120     		movs	r0, #1
  57 0002 7047     		bx	lr
  58              		.cfi_endproc
  59              	.LFE26:
  61              		.section	.text._kill,"ax",%progbits
  62              		.align	1
  63              		.global	_kill
  64              		.syntax unified
  65              		.thumb
  66              		.thumb_func
  67              		.fpu fpv4-sp-d16
ARM GAS  /tmp/cc3OBPXb.s 			page 3


  69              	_kill:
  70              	.LVL0:
  71              	.LFB27:
  52:Core/Src/syscalls.c **** 
  53:Core/Src/syscalls.c **** int _kill(int pid, int sig)
  54:Core/Src/syscalls.c **** {
  72              		.loc 1 54 1 is_stmt 1 view -0
  73              		.cfi_startproc
  74              		@ args = 0, pretend = 0, frame = 0
  75              		@ frame_needed = 0, uses_anonymous_args = 0
  76              		.loc 1 54 1 is_stmt 0 view .LVU6
  77 0000 08B5     		push	{r3, lr}
  78              	.LCFI0:
  79              		.cfi_def_cfa_offset 8
  80              		.cfi_offset 3, -8
  81              		.cfi_offset 14, -4
  55:Core/Src/syscalls.c ****   (void)pid;
  82              		.loc 1 55 3 is_stmt 1 view .LVU7
  56:Core/Src/syscalls.c ****   (void)sig;
  83              		.loc 1 56 3 view .LVU8
  57:Core/Src/syscalls.c ****   errno = EINVAL;
  84              		.loc 1 57 3 view .LVU9
  85 0002 FFF7FEFF 		bl	__errno
  86              	.LVL1:
  87              		.loc 1 57 9 is_stmt 0 view .LVU10
  88 0006 1623     		movs	r3, #22
  89 0008 0360     		str	r3, [r0]
  58:Core/Src/syscalls.c ****   return -1;
  90              		.loc 1 58 3 is_stmt 1 view .LVU11
  59:Core/Src/syscalls.c **** }
  91              		.loc 1 59 1 is_stmt 0 view .LVU12
  92 000a 4FF0FF30 		mov	r0, #-1
  93 000e 08BD     		pop	{r3, pc}
  94              		.cfi_endproc
  95              	.LFE27:
  97              		.section	.text._exit,"ax",%progbits
  98              		.align	1
  99              		.global	_exit
 100              		.syntax unified
 101              		.thumb
 102              		.thumb_func
 103              		.fpu fpv4-sp-d16
 105              	_exit:
 106              	.LVL2:
 107              	.LFB28:
  60:Core/Src/syscalls.c **** 
  61:Core/Src/syscalls.c **** void _exit (int status)
  62:Core/Src/syscalls.c **** {
 108              		.loc 1 62 1 is_stmt 1 view -0
 109              		.cfi_startproc
 110              		@ Volatile: function does not return.
 111              		@ args = 0, pretend = 0, frame = 0
 112              		@ frame_needed = 0, uses_anonymous_args = 0
 113              		.loc 1 62 1 is_stmt 0 view .LVU14
 114 0000 08B5     		push	{r3, lr}
 115              	.LCFI1:
 116              		.cfi_def_cfa_offset 8
ARM GAS  /tmp/cc3OBPXb.s 			page 4


 117              		.cfi_offset 3, -8
 118              		.cfi_offset 14, -4
  63:Core/Src/syscalls.c ****   _kill(status, -1);
 119              		.loc 1 63 3 is_stmt 1 view .LVU15
 120 0002 4FF0FF31 		mov	r1, #-1
 121 0006 FFF7FEFF 		bl	_kill
 122              	.LVL3:
 123              	.L6:
  64:Core/Src/syscalls.c ****   while (1) {}    /* Make sure we hang here */
 124              		.loc 1 64 3 discriminator 1 view .LVU16
 125              		.loc 1 64 14 discriminator 1 view .LVU17
 126              		.loc 1 64 9 discriminator 1 view .LVU18
 127 000a FEE7     		b	.L6
 128              		.cfi_endproc
 129              	.LFE28:
 131              		.section	.text._read,"ax",%progbits
 132              		.align	1
 133              		.weak	_read
 134              		.syntax unified
 135              		.thumb
 136              		.thumb_func
 137              		.fpu fpv4-sp-d16
 139              	_read:
 140              	.LVL4:
 141              	.LFB29:
  65:Core/Src/syscalls.c **** }
  66:Core/Src/syscalls.c **** 
  67:Core/Src/syscalls.c **** __attribute__((weak)) int _read(int file, char *ptr, int len)
  68:Core/Src/syscalls.c **** {
 142              		.loc 1 68 1 view -0
 143              		.cfi_startproc
 144              		@ args = 0, pretend = 0, frame = 0
 145              		@ frame_needed = 0, uses_anonymous_args = 0
 146              		.loc 1 68 1 is_stmt 0 view .LVU20
 147 0000 70B5     		push	{r4, r5, r6, lr}
 148              	.LCFI2:
 149              		.cfi_def_cfa_offset 16
 150              		.cfi_offset 4, -16
 151              		.cfi_offset 5, -12
 152              		.cfi_offset 6, -8
 153              		.cfi_offset 14, -4
 154 0002 0C46     		mov	r4, r1
 155 0004 1646     		mov	r6, r2
  69:Core/Src/syscalls.c ****   (void)file;
 156              		.loc 1 69 3 is_stmt 1 view .LVU21
  70:Core/Src/syscalls.c ****   int DataIdx;
 157              		.loc 1 70 3 view .LVU22
  71:Core/Src/syscalls.c **** 
  72:Core/Src/syscalls.c ****   for (DataIdx = 0; DataIdx < len; DataIdx++)
 158              		.loc 1 72 3 view .LVU23
 159              	.LVL5:
 160              		.loc 1 72 16 is_stmt 0 view .LVU24
 161 0006 0025     		movs	r5, #0
 162              	.LVL6:
 163              	.L9:
 164              		.loc 1 72 21 is_stmt 1 discriminator 1 view .LVU25
 165              		.loc 1 72 3 is_stmt 0 discriminator 1 view .LVU26
ARM GAS  /tmp/cc3OBPXb.s 			page 5


 166 0008 B542     		cmp	r5, r6
 167 000a 07DA     		bge	.L12
  73:Core/Src/syscalls.c ****   {
  74:Core/Src/syscalls.c ****     *ptr++ = __io_getchar();
 168              		.loc 1 74 5 is_stmt 1 discriminator 3 view .LVU27
 169              		.loc 1 74 14 is_stmt 0 discriminator 3 view .LVU28
 170 000c FFF7FEFF 		bl	__io_getchar
 171              	.LVL7:
 172              		.loc 1 74 9 discriminator 3 view .LVU29
 173 0010 2146     		mov	r1, r4
 174              	.LVL8:
 175              		.loc 1 74 12 discriminator 3 view .LVU30
 176 0012 01F8010B 		strb	r0, [r1], #1
 177              	.LVL9:
  72:Core/Src/syscalls.c ****   {
 178              		.loc 1 72 36 is_stmt 1 discriminator 3 view .LVU31
  72:Core/Src/syscalls.c ****   {
 179              		.loc 1 72 43 is_stmt 0 discriminator 3 view .LVU32
 180 0016 0135     		adds	r5, r5, #1
 181              	.LVL10:
 182              		.loc 1 74 9 discriminator 3 view .LVU33
 183 0018 0C46     		mov	r4, r1
 184 001a F5E7     		b	.L9
 185              	.L12:
  75:Core/Src/syscalls.c ****   }
  76:Core/Src/syscalls.c **** 
  77:Core/Src/syscalls.c ****   return len;
 186              		.loc 1 77 3 is_stmt 1 view .LVU34
  78:Core/Src/syscalls.c **** }
 187              		.loc 1 78 1 is_stmt 0 view .LVU35
 188 001c 3046     		mov	r0, r6
 189 001e 70BD     		pop	{r4, r5, r6, pc}
 190              		.loc 1 78 1 view .LVU36
 191              		.cfi_endproc
 192              	.LFE29:
 194              		.section	.text._write,"ax",%progbits
 195              		.align	1
 196              		.weak	_write
 197              		.syntax unified
 198              		.thumb
 199              		.thumb_func
 200              		.fpu fpv4-sp-d16
 202              	_write:
 203              	.LVL11:
 204              	.LFB30:
  79:Core/Src/syscalls.c **** 
  80:Core/Src/syscalls.c **** __attribute__((weak)) int _write(int file, char *ptr, int len)
  81:Core/Src/syscalls.c **** {
 205              		.loc 1 81 1 is_stmt 1 view -0
 206              		.cfi_startproc
 207              		@ args = 0, pretend = 0, frame = 0
 208              		@ frame_needed = 0, uses_anonymous_args = 0
 209              		.loc 1 81 1 is_stmt 0 view .LVU38
 210 0000 70B5     		push	{r4, r5, r6, lr}
 211              	.LCFI3:
 212              		.cfi_def_cfa_offset 16
 213              		.cfi_offset 4, -16
ARM GAS  /tmp/cc3OBPXb.s 			page 6


 214              		.cfi_offset 5, -12
 215              		.cfi_offset 6, -8
 216              		.cfi_offset 14, -4
 217 0002 0C46     		mov	r4, r1
 218 0004 1646     		mov	r6, r2
  82:Core/Src/syscalls.c ****   (void)file;
 219              		.loc 1 82 3 is_stmt 1 view .LVU39
  83:Core/Src/syscalls.c ****   int DataIdx;
 220              		.loc 1 83 3 view .LVU40
  84:Core/Src/syscalls.c **** 
  85:Core/Src/syscalls.c ****   for (DataIdx = 0; DataIdx < len; DataIdx++)
 221              		.loc 1 85 3 view .LVU41
 222              	.LVL12:
 223              		.loc 1 85 16 is_stmt 0 view .LVU42
 224 0006 0025     		movs	r5, #0
 225              	.LVL13:
 226              	.L14:
 227              		.loc 1 85 21 is_stmt 1 discriminator 1 view .LVU43
 228              		.loc 1 85 3 is_stmt 0 discriminator 1 view .LVU44
 229 0008 B542     		cmp	r5, r6
 230 000a 05DA     		bge	.L17
  86:Core/Src/syscalls.c ****   {
  87:Core/Src/syscalls.c ****     __io_putchar(*ptr++);
 231              		.loc 1 87 5 is_stmt 1 discriminator 3 view .LVU45
 232              	.LVL14:
 233              		.loc 1 87 5 is_stmt 0 discriminator 3 view .LVU46
 234 000c 14F8010B 		ldrb	r0, [r4], #1	@ zero_extendqisi2
 235              	.LVL15:
 236              		.loc 1 87 5 discriminator 3 view .LVU47
 237 0010 FFF7FEFF 		bl	__io_putchar
 238              	.LVL16:
  85:Core/Src/syscalls.c ****   {
 239              		.loc 1 85 36 is_stmt 1 discriminator 3 view .LVU48
  85:Core/Src/syscalls.c ****   {
 240              		.loc 1 85 43 is_stmt 0 discriminator 3 view .LVU49
 241 0014 0135     		adds	r5, r5, #1
 242              	.LVL17:
  85:Core/Src/syscalls.c ****   {
 243              		.loc 1 85 43 discriminator 3 view .LVU50
 244 0016 F7E7     		b	.L14
 245              	.L17:
  88:Core/Src/syscalls.c ****   }
  89:Core/Src/syscalls.c ****   return len;
 246              		.loc 1 89 3 is_stmt 1 view .LVU51
  90:Core/Src/syscalls.c **** }
 247              		.loc 1 90 1 is_stmt 0 view .LVU52
 248 0018 3046     		mov	r0, r6
 249 001a 70BD     		pop	{r4, r5, r6, pc}
 250              		.loc 1 90 1 view .LVU53
 251              		.cfi_endproc
 252              	.LFE30:
 254              		.section	.text._close,"ax",%progbits
 255              		.align	1
 256              		.global	_close
 257              		.syntax unified
 258              		.thumb
 259              		.thumb_func
ARM GAS  /tmp/cc3OBPXb.s 			page 7


 260              		.fpu fpv4-sp-d16
 262              	_close:
 263              	.LVL18:
 264              	.LFB31:
  91:Core/Src/syscalls.c **** 
  92:Core/Src/syscalls.c **** int _close(int file)
  93:Core/Src/syscalls.c **** {
 265              		.loc 1 93 1 is_stmt 1 view -0
 266              		.cfi_startproc
 267              		@ args = 0, pretend = 0, frame = 0
 268              		@ frame_needed = 0, uses_anonymous_args = 0
 269              		@ link register save eliminated.
  94:Core/Src/syscalls.c ****   (void)file;
 270              		.loc 1 94 3 view .LVU55
  95:Core/Src/syscalls.c ****   return -1;
 271              		.loc 1 95 3 view .LVU56
  96:Core/Src/syscalls.c **** }
 272              		.loc 1 96 1 is_stmt 0 view .LVU57
 273 0000 4FF0FF30 		mov	r0, #-1
 274              	.LVL19:
 275              		.loc 1 96 1 view .LVU58
 276 0004 7047     		bx	lr
 277              		.cfi_endproc
 278              	.LFE31:
 280              		.section	.text._fstat,"ax",%progbits
 281              		.align	1
 282              		.global	_fstat
 283              		.syntax unified
 284              		.thumb
 285              		.thumb_func
 286              		.fpu fpv4-sp-d16
 288              	_fstat:
 289              	.LVL20:
 290              	.LFB32:
  97:Core/Src/syscalls.c **** 
  98:Core/Src/syscalls.c **** 
  99:Core/Src/syscalls.c **** int _fstat(int file, struct stat *st)
 100:Core/Src/syscalls.c **** {
 291              		.loc 1 100 1 is_stmt 1 view -0
 292              		.cfi_startproc
 293              		@ args = 0, pretend = 0, frame = 0
 294              		@ frame_needed = 0, uses_anonymous_args = 0
 295              		@ link register save eliminated.
 101:Core/Src/syscalls.c ****   (void)file;
 296              		.loc 1 101 3 view .LVU60
 102:Core/Src/syscalls.c ****   st->st_mode = S_IFCHR;
 297              		.loc 1 102 3 view .LVU61
 298              		.loc 1 102 15 is_stmt 0 view .LVU62
 299 0000 4FF40053 		mov	r3, #8192
 300 0004 4B60     		str	r3, [r1, #4]
 103:Core/Src/syscalls.c ****   return 0;
 301              		.loc 1 103 3 is_stmt 1 view .LVU63
 104:Core/Src/syscalls.c **** }
 302              		.loc 1 104 1 is_stmt 0 view .LVU64
 303 0006 0020     		movs	r0, #0
 304              	.LVL21:
 305              		.loc 1 104 1 view .LVU65
ARM GAS  /tmp/cc3OBPXb.s 			page 8


 306 0008 7047     		bx	lr
 307              		.cfi_endproc
 308              	.LFE32:
 310              		.section	.text._isatty,"ax",%progbits
 311              		.align	1
 312              		.global	_isatty
 313              		.syntax unified
 314              		.thumb
 315              		.thumb_func
 316              		.fpu fpv4-sp-d16
 318              	_isatty:
 319              	.LVL22:
 320              	.LFB33:
 105:Core/Src/syscalls.c **** 
 106:Core/Src/syscalls.c **** int _isatty(int file)
 107:Core/Src/syscalls.c **** {
 321              		.loc 1 107 1 is_stmt 1 view -0
 322              		.cfi_startproc
 323              		@ args = 0, pretend = 0, frame = 0
 324              		@ frame_needed = 0, uses_anonymous_args = 0
 325              		@ link register save eliminated.
 108:Core/Src/syscalls.c ****   (void)file;
 326              		.loc 1 108 3 view .LVU67
 109:Core/Src/syscalls.c ****   return 1;
 327              		.loc 1 109 3 view .LVU68
 110:Core/Src/syscalls.c **** }
 328              		.loc 1 110 1 is_stmt 0 view .LVU69
 329 0000 0120     		movs	r0, #1
 330              	.LVL23:
 331              		.loc 1 110 1 view .LVU70
 332 0002 7047     		bx	lr
 333              		.cfi_endproc
 334              	.LFE33:
 336              		.section	.text._lseek,"ax",%progbits
 337              		.align	1
 338              		.global	_lseek
 339              		.syntax unified
 340              		.thumb
 341              		.thumb_func
 342              		.fpu fpv4-sp-d16
 344              	_lseek:
 345              	.LVL24:
 346              	.LFB34:
 111:Core/Src/syscalls.c **** 
 112:Core/Src/syscalls.c **** int _lseek(int file, int ptr, int dir)
 113:Core/Src/syscalls.c **** {
 347              		.loc 1 113 1 is_stmt 1 view -0
 348              		.cfi_startproc
 349              		@ args = 0, pretend = 0, frame = 0
 350              		@ frame_needed = 0, uses_anonymous_args = 0
 351              		@ link register save eliminated.
 114:Core/Src/syscalls.c ****   (void)file;
 352              		.loc 1 114 3 view .LVU72
 115:Core/Src/syscalls.c ****   (void)ptr;
 353              		.loc 1 115 3 view .LVU73
 116:Core/Src/syscalls.c ****   (void)dir;
 354              		.loc 1 116 3 view .LVU74
ARM GAS  /tmp/cc3OBPXb.s 			page 9


 117:Core/Src/syscalls.c ****   return 0;
 355              		.loc 1 117 3 view .LVU75
 118:Core/Src/syscalls.c **** }
 356              		.loc 1 118 1 is_stmt 0 view .LVU76
 357 0000 0020     		movs	r0, #0
 358              	.LVL25:
 359              		.loc 1 118 1 view .LVU77
 360 0002 7047     		bx	lr
 361              		.cfi_endproc
 362              	.LFE34:
 364              		.section	.text._open,"ax",%progbits
 365              		.align	1
 366              		.global	_open
 367              		.syntax unified
 368              		.thumb
 369              		.thumb_func
 370              		.fpu fpv4-sp-d16
 372              	_open:
 373              	.LVL26:
 374              	.LFB35:
 119:Core/Src/syscalls.c **** 
 120:Core/Src/syscalls.c **** int _open(char *path, int flags, ...)
 121:Core/Src/syscalls.c **** {
 375              		.loc 1 121 1 is_stmt 1 view -0
 376              		.cfi_startproc
 377              		@ args = 4, pretend = 12, frame = 0
 378              		@ frame_needed = 0, uses_anonymous_args = 1
 379              		@ link register save eliminated.
 380              		.loc 1 121 1 is_stmt 0 view .LVU79
 381 0000 0EB4     		push	{r1, r2, r3}
 382              	.LCFI4:
 383              		.cfi_def_cfa_offset 12
 384              		.cfi_offset 1, -12
 385              		.cfi_offset 2, -8
 386              		.cfi_offset 3, -4
 122:Core/Src/syscalls.c ****   (void)path;
 387              		.loc 1 122 3 is_stmt 1 view .LVU80
 123:Core/Src/syscalls.c ****   (void)flags;
 388              		.loc 1 123 3 view .LVU81
 124:Core/Src/syscalls.c ****   /* Pretend like we always fail */
 125:Core/Src/syscalls.c ****   return -1;
 389              		.loc 1 125 3 view .LVU82
 126:Core/Src/syscalls.c **** }
 390              		.loc 1 126 1 is_stmt 0 view .LVU83
 391 0002 4FF0FF30 		mov	r0, #-1
 392              	.LVL27:
 393              		.loc 1 126 1 view .LVU84
 394 0006 03B0     		add	sp, sp, #12
 395              	.LCFI5:
 396              		.cfi_restore 3
 397              		.cfi_restore 2
 398              		.cfi_restore 1
 399              		.cfi_def_cfa_offset 0
 400 0008 7047     		bx	lr
 401              		.cfi_endproc
 402              	.LFE35:
 404              		.section	.text._wait,"ax",%progbits
ARM GAS  /tmp/cc3OBPXb.s 			page 10


 405              		.align	1
 406              		.global	_wait
 407              		.syntax unified
 408              		.thumb
 409              		.thumb_func
 410              		.fpu fpv4-sp-d16
 412              	_wait:
 413              	.LVL28:
 414              	.LFB36:
 127:Core/Src/syscalls.c **** 
 128:Core/Src/syscalls.c **** int _wait(int *status)
 129:Core/Src/syscalls.c **** {
 415              		.loc 1 129 1 is_stmt 1 view -0
 416              		.cfi_startproc
 417              		@ args = 0, pretend = 0, frame = 0
 418              		@ frame_needed = 0, uses_anonymous_args = 0
 419              		.loc 1 129 1 is_stmt 0 view .LVU86
 420 0000 08B5     		push	{r3, lr}
 421              	.LCFI6:
 422              		.cfi_def_cfa_offset 8
 423              		.cfi_offset 3, -8
 424              		.cfi_offset 14, -4
 130:Core/Src/syscalls.c ****   (void)status;
 425              		.loc 1 130 3 is_stmt 1 view .LVU87
 131:Core/Src/syscalls.c ****   errno = ECHILD;
 426              		.loc 1 131 3 view .LVU88
 427 0002 FFF7FEFF 		bl	__errno
 428              	.LVL29:
 429              		.loc 1 131 9 is_stmt 0 view .LVU89
 430 0006 0A23     		movs	r3, #10
 431 0008 0360     		str	r3, [r0]
 132:Core/Src/syscalls.c ****   return -1;
 432              		.loc 1 132 3 is_stmt 1 view .LVU90
 133:Core/Src/syscalls.c **** }
 433              		.loc 1 133 1 is_stmt 0 view .LVU91
 434 000a 4FF0FF30 		mov	r0, #-1
 435 000e 08BD     		pop	{r3, pc}
 436              		.cfi_endproc
 437              	.LFE36:
 439              		.section	.text._unlink,"ax",%progbits
 440              		.align	1
 441              		.global	_unlink
 442              		.syntax unified
 443              		.thumb
 444              		.thumb_func
 445              		.fpu fpv4-sp-d16
 447              	_unlink:
 448              	.LVL30:
 449              	.LFB37:
 134:Core/Src/syscalls.c **** 
 135:Core/Src/syscalls.c **** int _unlink(char *name)
 136:Core/Src/syscalls.c **** {
 450              		.loc 1 136 1 is_stmt 1 view -0
 451              		.cfi_startproc
 452              		@ args = 0, pretend = 0, frame = 0
 453              		@ frame_needed = 0, uses_anonymous_args = 0
 454              		.loc 1 136 1 is_stmt 0 view .LVU93
ARM GAS  /tmp/cc3OBPXb.s 			page 11


 455 0000 08B5     		push	{r3, lr}
 456              	.LCFI7:
 457              		.cfi_def_cfa_offset 8
 458              		.cfi_offset 3, -8
 459              		.cfi_offset 14, -4
 137:Core/Src/syscalls.c ****   (void)name;
 460              		.loc 1 137 3 is_stmt 1 view .LVU94
 138:Core/Src/syscalls.c ****   errno = ENOENT;
 461              		.loc 1 138 3 view .LVU95
 462 0002 FFF7FEFF 		bl	__errno
 463              	.LVL31:
 464              		.loc 1 138 9 is_stmt 0 view .LVU96
 465 0006 0223     		movs	r3, #2
 466 0008 0360     		str	r3, [r0]
 139:Core/Src/syscalls.c ****   return -1;
 467              		.loc 1 139 3 is_stmt 1 view .LVU97
 140:Core/Src/syscalls.c **** }
 468              		.loc 1 140 1 is_stmt 0 view .LVU98
 469 000a 4FF0FF30 		mov	r0, #-1
 470 000e 08BD     		pop	{r3, pc}
 471              		.cfi_endproc
 472              	.LFE37:
 474              		.section	.text._times,"ax",%progbits
 475              		.align	1
 476              		.global	_times
 477              		.syntax unified
 478              		.thumb
 479              		.thumb_func
 480              		.fpu fpv4-sp-d16
 482              	_times:
 483              	.LVL32:
 484              	.LFB38:
 141:Core/Src/syscalls.c **** 
 142:Core/Src/syscalls.c **** clock_t _times(struct tms *buf)
 143:Core/Src/syscalls.c **** {
 485              		.loc 1 143 1 is_stmt 1 view -0
 486              		.cfi_startproc
 487              		@ args = 0, pretend = 0, frame = 0
 488              		@ frame_needed = 0, uses_anonymous_args = 0
 489              		@ link register save eliminated.
 144:Core/Src/syscalls.c ****   (void)buf;
 490              		.loc 1 144 3 view .LVU100
 145:Core/Src/syscalls.c ****   return -1;
 491              		.loc 1 145 3 view .LVU101
 146:Core/Src/syscalls.c **** }
 492              		.loc 1 146 1 is_stmt 0 view .LVU102
 493 0000 4FF0FF30 		mov	r0, #-1
 494              	.LVL33:
 495              		.loc 1 146 1 view .LVU103
 496 0004 7047     		bx	lr
 497              		.cfi_endproc
 498              	.LFE38:
 500              		.section	.text._stat,"ax",%progbits
 501              		.align	1
 502              		.global	_stat
 503              		.syntax unified
 504              		.thumb
ARM GAS  /tmp/cc3OBPXb.s 			page 12


 505              		.thumb_func
 506              		.fpu fpv4-sp-d16
 508              	_stat:
 509              	.LVL34:
 510              	.LFB39:
 147:Core/Src/syscalls.c **** 
 148:Core/Src/syscalls.c **** int _stat(const char *file, struct stat *st)
 149:Core/Src/syscalls.c **** {
 511              		.loc 1 149 1 is_stmt 1 view -0
 512              		.cfi_startproc
 513              		@ args = 0, pretend = 0, frame = 0
 514              		@ frame_needed = 0, uses_anonymous_args = 0
 515              		@ link register save eliminated.
 150:Core/Src/syscalls.c ****   (void)file;
 516              		.loc 1 150 3 view .LVU105
 151:Core/Src/syscalls.c ****   st->st_mode = S_IFCHR;
 517              		.loc 1 151 3 view .LVU106
 518              		.loc 1 151 15 is_stmt 0 view .LVU107
 519 0000 4FF40053 		mov	r3, #8192
 520 0004 4B60     		str	r3, [r1, #4]
 152:Core/Src/syscalls.c ****   return 0;
 521              		.loc 1 152 3 is_stmt 1 view .LVU108
 153:Core/Src/syscalls.c **** }
 522              		.loc 1 153 1 is_stmt 0 view .LVU109
 523 0006 0020     		movs	r0, #0
 524              	.LVL35:
 525              		.loc 1 153 1 view .LVU110
 526 0008 7047     		bx	lr
 527              		.cfi_endproc
 528              	.LFE39:
 530              		.section	.text._link,"ax",%progbits
 531              		.align	1
 532              		.global	_link
 533              		.syntax unified
 534              		.thumb
 535              		.thumb_func
 536              		.fpu fpv4-sp-d16
 538              	_link:
 539              	.LVL36:
 540              	.LFB40:
 154:Core/Src/syscalls.c **** 
 155:Core/Src/syscalls.c **** int _link(char *old, char *new)
 156:Core/Src/syscalls.c **** {
 541              		.loc 1 156 1 is_stmt 1 view -0
 542              		.cfi_startproc
 543              		@ args = 0, pretend = 0, frame = 0
 544              		@ frame_needed = 0, uses_anonymous_args = 0
 545              		.loc 1 156 1 is_stmt 0 view .LVU112
 546 0000 08B5     		push	{r3, lr}
 547              	.LCFI8:
 548              		.cfi_def_cfa_offset 8
 549              		.cfi_offset 3, -8
 550              		.cfi_offset 14, -4
 157:Core/Src/syscalls.c ****   (void)old;
 551              		.loc 1 157 3 is_stmt 1 view .LVU113
 158:Core/Src/syscalls.c ****   (void)new;
 552              		.loc 1 158 3 view .LVU114
ARM GAS  /tmp/cc3OBPXb.s 			page 13


 159:Core/Src/syscalls.c ****   errno = EMLINK;
 553              		.loc 1 159 3 view .LVU115
 554 0002 FFF7FEFF 		bl	__errno
 555              	.LVL37:
 556              		.loc 1 159 9 is_stmt 0 view .LVU116
 557 0006 1F23     		movs	r3, #31
 558 0008 0360     		str	r3, [r0]
 160:Core/Src/syscalls.c ****   return -1;
 559              		.loc 1 160 3 is_stmt 1 view .LVU117
 161:Core/Src/syscalls.c **** }
 560              		.loc 1 161 1 is_stmt 0 view .LVU118
 561 000a 4FF0FF30 		mov	r0, #-1
 562 000e 08BD     		pop	{r3, pc}
 563              		.cfi_endproc
 564              	.LFE40:
 566              		.section	.text._fork,"ax",%progbits
 567              		.align	1
 568              		.global	_fork
 569              		.syntax unified
 570              		.thumb
 571              		.thumb_func
 572              		.fpu fpv4-sp-d16
 574              	_fork:
 575              	.LFB41:
 162:Core/Src/syscalls.c **** 
 163:Core/Src/syscalls.c **** int _fork(void)
 164:Core/Src/syscalls.c **** {
 576              		.loc 1 164 1 is_stmt 1 view -0
 577              		.cfi_startproc
 578              		@ args = 0, pretend = 0, frame = 0
 579              		@ frame_needed = 0, uses_anonymous_args = 0
 580 0000 08B5     		push	{r3, lr}
 581              	.LCFI9:
 582              		.cfi_def_cfa_offset 8
 583              		.cfi_offset 3, -8
 584              		.cfi_offset 14, -4
 165:Core/Src/syscalls.c ****   errno = EAGAIN;
 585              		.loc 1 165 3 view .LVU120
 586 0002 FFF7FEFF 		bl	__errno
 587              	.LVL38:
 588              		.loc 1 165 9 is_stmt 0 view .LVU121
 589 0006 0B23     		movs	r3, #11
 590 0008 0360     		str	r3, [r0]
 166:Core/Src/syscalls.c ****   return -1;
 591              		.loc 1 166 3 is_stmt 1 view .LVU122
 167:Core/Src/syscalls.c **** }
 592              		.loc 1 167 1 is_stmt 0 view .LVU123
 593 000a 4FF0FF30 		mov	r0, #-1
 594 000e 08BD     		pop	{r3, pc}
 595              		.cfi_endproc
 596              	.LFE41:
 598              		.section	.text._execve,"ax",%progbits
 599              		.align	1
 600              		.global	_execve
 601              		.syntax unified
 602              		.thumb
 603              		.thumb_func
ARM GAS  /tmp/cc3OBPXb.s 			page 14


 604              		.fpu fpv4-sp-d16
 606              	_execve:
 607              	.LVL39:
 608              	.LFB42:
 168:Core/Src/syscalls.c **** 
 169:Core/Src/syscalls.c **** int _execve(char *name, char **argv, char **env)
 170:Core/Src/syscalls.c **** {
 609              		.loc 1 170 1 is_stmt 1 view -0
 610              		.cfi_startproc
 611              		@ args = 0, pretend = 0, frame = 0
 612              		@ frame_needed = 0, uses_anonymous_args = 0
 613              		.loc 1 170 1 is_stmt 0 view .LVU125
 614 0000 08B5     		push	{r3, lr}
 615              	.LCFI10:
 616              		.cfi_def_cfa_offset 8
 617              		.cfi_offset 3, -8
 618              		.cfi_offset 14, -4
 171:Core/Src/syscalls.c ****   (void)name;
 619              		.loc 1 171 3 is_stmt 1 view .LVU126
 172:Core/Src/syscalls.c ****   (void)argv;
 620              		.loc 1 172 3 view .LVU127
 173:Core/Src/syscalls.c ****   (void)env;
 621              		.loc 1 173 3 view .LVU128
 174:Core/Src/syscalls.c ****   errno = ENOMEM;
 622              		.loc 1 174 3 view .LVU129
 623 0002 FFF7FEFF 		bl	__errno
 624              	.LVL40:
 625              		.loc 1 174 9 is_stmt 0 view .LVU130
 626 0006 0C23     		movs	r3, #12
 627 0008 0360     		str	r3, [r0]
 175:Core/Src/syscalls.c ****   return -1;
 628              		.loc 1 175 3 is_stmt 1 view .LVU131
 176:Core/Src/syscalls.c **** }
 629              		.loc 1 176 1 is_stmt 0 view .LVU132
 630 000a 4FF0FF30 		mov	r0, #-1
 631 000e 08BD     		pop	{r3, pc}
 632              		.cfi_endproc
 633              	.LFE42:
 635              		.global	environ
 636              		.global	__env
 637              		.section	.bss.__env,"aw",%nobits
 638              		.align	2
 641              	__env:
 642 0000 00000000 		.space	4
 643              		.section	.data.environ,"aw"
 644              		.align	2
 647              	environ:
 648 0000 00000000 		.word	__env
 649              		.weak	__io_putchar
 650              		.weak	__io_getchar
 651              		.text
 652              	.Letext0:
 653              		.file 2 "/usr/include/newlib/machine/_default_types.h"
 654              		.file 3 "/usr/lib/gcc/arm-none-eabi/9.2.1/include/stddef.h"
 655              		.file 4 "/usr/include/newlib/sys/_types.h"
 656              		.file 5 "/usr/include/newlib/sys/reent.h"
 657              		.file 6 "/usr/include/newlib/sys/lock.h"
ARM GAS  /tmp/cc3OBPXb.s 			page 15


 658              		.file 7 "/usr/include/newlib/sys/_timeval.h"
 659              		.file 8 "/usr/include/newlib/sys/_timespec.h"
 660              		.file 9 "/usr/include/newlib/sys/types.h"
 661              		.file 10 "/usr/include/newlib/time.h"
 662              		.file 11 "/usr/include/newlib/sys/stat.h"
 663              		.file 12 "/usr/include/newlib/stdlib.h"
 664              		.file 13 "/usr/include/newlib/sys/errno.h"
 665              		.file 14 "/usr/include/newlib/sys/times.h"
ARM GAS  /tmp/cc3OBPXb.s 			page 16


DEFINED SYMBOLS
                            *ABS*:0000000000000000 syscalls.c
     /tmp/cc3OBPXb.s:18     .text.initialise_monitor_handles:0000000000000000 $t
     /tmp/cc3OBPXb.s:26     .text.initialise_monitor_handles:0000000000000000 initialise_monitor_handles
     /tmp/cc3OBPXb.s:40     .text._getpid:0000000000000000 $t
     /tmp/cc3OBPXb.s:47     .text._getpid:0000000000000000 _getpid
     /tmp/cc3OBPXb.s:62     .text._kill:0000000000000000 $t
     /tmp/cc3OBPXb.s:69     .text._kill:0000000000000000 _kill
     /tmp/cc3OBPXb.s:98     .text._exit:0000000000000000 $t
     /tmp/cc3OBPXb.s:105    .text._exit:0000000000000000 _exit
     /tmp/cc3OBPXb.s:132    .text._read:0000000000000000 $t
     /tmp/cc3OBPXb.s:139    .text._read:0000000000000000 _read
     /tmp/cc3OBPXb.s:195    .text._write:0000000000000000 $t
     /tmp/cc3OBPXb.s:202    .text._write:0000000000000000 _write
     /tmp/cc3OBPXb.s:255    .text._close:0000000000000000 $t
     /tmp/cc3OBPXb.s:262    .text._close:0000000000000000 _close
     /tmp/cc3OBPXb.s:281    .text._fstat:0000000000000000 $t
     /tmp/cc3OBPXb.s:288    .text._fstat:0000000000000000 _fstat
     /tmp/cc3OBPXb.s:311    .text._isatty:0000000000000000 $t
     /tmp/cc3OBPXb.s:318    .text._isatty:0000000000000000 _isatty
     /tmp/cc3OBPXb.s:337    .text._lseek:0000000000000000 $t
     /tmp/cc3OBPXb.s:344    .text._lseek:0000000000000000 _lseek
     /tmp/cc3OBPXb.s:365    .text._open:0000000000000000 $t
     /tmp/cc3OBPXb.s:372    .text._open:0000000000000000 _open
     /tmp/cc3OBPXb.s:405    .text._wait:0000000000000000 $t
     /tmp/cc3OBPXb.s:412    .text._wait:0000000000000000 _wait
     /tmp/cc3OBPXb.s:440    .text._unlink:0000000000000000 $t
     /tmp/cc3OBPXb.s:447    .text._unlink:0000000000000000 _unlink
     /tmp/cc3OBPXb.s:475    .text._times:0000000000000000 $t
     /tmp/cc3OBPXb.s:482    .text._times:0000000000000000 _times
     /tmp/cc3OBPXb.s:501    .text._stat:0000000000000000 $t
     /tmp/cc3OBPXb.s:508    .text._stat:0000000000000000 _stat
     /tmp/cc3OBPXb.s:531    .text._link:0000000000000000 $t
     /tmp/cc3OBPXb.s:538    .text._link:0000000000000000 _link
     /tmp/cc3OBPXb.s:567    .text._fork:0000000000000000 $t
     /tmp/cc3OBPXb.s:574    .text._fork:0000000000000000 _fork
     /tmp/cc3OBPXb.s:599    .text._execve:0000000000000000 $t
     /tmp/cc3OBPXb.s:606    .text._execve:0000000000000000 _execve
     /tmp/cc3OBPXb.s:647    .data.environ:0000000000000000 environ
     /tmp/cc3OBPXb.s:641    .bss.__env:0000000000000000 __env
     /tmp/cc3OBPXb.s:638    .bss.__env:0000000000000000 $d
     /tmp/cc3OBPXb.s:644    .data.environ:0000000000000000 $d

UNDEFINED SYMBOLS
__errno
__io_getchar
__io_putchar
